<?xml version="1.0" encoding="UTF-8"?>
<!-- Generated by org.testng.reporters.JUnitReportReporter -->
<testsuite skipped="0" hostname="DESKTOP-FGG3A1F" name="in.zapr.druid.druidry.extractionFunctions.RegexExtractionFunctionTest" tests="3" failures="0" timestamp="15 Feb 2023 11:11:14 GMT" time="0.004" errors="0">
  <testcase name="testRequiredValues" time="0.000" classname="in.zapr.druid.druidry.extractionFunctions.RegexExtractionFunctionTest"/>
  <testcase name="testExprField" time="0.000" classname="in.zapr.druid.druidry.extractionFunctions.RegexExtractionFunctionTest"/>
  <testcase name="testAllFields" time="0.004" classname="in.zapr.druid.druidry.extractionFunctions.RegexExtractionFunctionTest"/>
</testsuite> <!-- in.zapr.druid.druidry.extractionFunctions.RegexExtractionFunctionTest -->
