<?xml version="1.0" encoding="UTF-8"?>
<!-- Generated by org.testng.reporters.JUnitReportReporter -->
<testsuite skipped="0" hostname="DESKTOP-FGG3A1F" name="in.zapr.druid.druidry.extensions.datasketches.postAggregator.TupleSketchSetOpPostAggregatorTest" tests="6" failures="0" timestamp="15 Feb 2023 11:11:14 GMT" time="0.014" errors="0">
  <testcase name="testRequiredFields" time="0.001" classname="in.zapr.druid.druidry.extensions.datasketches.postAggregator.TupleSketchSetOpPostAggregatorTest"/>
  <testcase name="preconditionCheck" time="0.003" classname="in.zapr.druid.druidry.extensions.datasketches.postAggregator.TupleSketchSetOpPostAggregatorTest"/>
  <testcase name="testNullOperation" time="0.001" classname="in.zapr.druid.druidry.extensions.datasketches.postAggregator.TupleSketchSetOpPostAggregatorTest"/>
  <testcase name="testAllFields" time="0.007" classname="in.zapr.druid.druidry.extensions.datasketches.postAggregator.TupleSketchSetOpPostAggregatorTest"/>
  <testcase name="testNullName" time="0.001" classname="in.zapr.druid.druidry.extensions.datasketches.postAggregator.TupleSketchSetOpPostAggregatorTest"/>
  <testcase name="testNullFields" time="0.001" classname="in.zapr.druid.druidry.extensions.datasketches.postAggregator.TupleSketchSetOpPostAggregatorTest"/>
</testsuite> <!-- in.zapr.druid.druidry.extensions.datasketches.postAggregator.TupleSketchSetOpPostAggregatorTest -->
