<?xml version="1.0" encoding="UTF-8"?>
<!-- Generated by org.testng.reporters.JUnitReportReporter -->
<testsuite skipped="0" hostname="DESKTOP-FGG3A1F" name="in.zapr.druid.druidry.extensions.datasketches.postAggregator.QuantilesSketchToQuantilesPostAggregatorTest" tests="4" failures="0" timestamp="15 Feb 2023 11:11:14 GMT" time="0.013" errors="0">
  <testcase name="testNullName" time="0.001" classname="in.zapr.druid.druidry.extensions.datasketches.postAggregator.QuantilesSketchToQuantilesPostAggregatorTest"/>
  <testcase name="testNullFractions" time="0.001" classname="in.zapr.druid.druidry.extensions.datasketches.postAggregator.QuantilesSketchToQuantilesPostAggregatorTest"/>
  <testcase name="testAllFields" time="0.010" classname="in.zapr.druid.druidry.extensions.datasketches.postAggregator.QuantilesSketchToQuantilesPostAggregatorTest"/>
  <testcase name="testNullField" time="0.001" classname="in.zapr.druid.druidry.extensions.datasketches.postAggregator.QuantilesSketchToQuantilesPostAggregatorTest"/>
</testsuite> <!-- in.zapr.druid.druidry.extensions.datasketches.postAggregator.QuantilesSketchToQuantilesPostAggregatorTest -->
