<?xml version="1.0" encoding="UTF-8"?>
<!-- Generated by org.testng.reporters.JUnitReportReporter -->
<testsuite skipped="0" hostname="DESKTOP-FGG3A1F" name="in.zapr.druid.druidry.filter.havingSpec.FilterHavingTest" tests="2" failures="0" timestamp="15 Feb 2023 11:11:14 GMT" time="0.012" errors="0">
  <testcase name="testLongField" time="0.010" classname="in.zapr.druid.druidry.filter.havingSpec.FilterHavingTest"/>
  <testcase name="testDimensionMissing" time="0.002" classname="in.zapr.druid.druidry.filter.havingSpec.FilterHavingTest"/>
</testsuite> <!-- in.zapr.druid.druidry.filter.havingSpec.FilterHavingTest -->
