<?xml version="1.0" encoding="UTF-8"?>
<!-- Generated by org.testng.reporters.JUnitReportReporter -->
<testsuite skipped="0" hostname="DESKTOP-FGG3A1F" name="in.zapr.druid.druidry.extensions.datasketches.postAggregator.TupleSketchTTestPostAggregatorTest" tests="3" failures="0" timestamp="15 Feb 2023 11:11:14 GMT" time="0.010" errors="0">
  <testcase name="testAllFields" time="0.008" classname="in.zapr.druid.druidry.extensions.datasketches.postAggregator.TupleSketchTTestPostAggregatorTest"/>
  <testcase name="testNullName" time="0.002" classname="in.zapr.druid.druidry.extensions.datasketches.postAggregator.TupleSketchTTestPostAggregatorTest"/>
  <testcase name="testNullFields" time="0.000" classname="in.zapr.druid.druidry.extensions.datasketches.postAggregator.TupleSketchTTestPostAggregatorTest"/>
</testsuite> <!-- in.zapr.druid.druidry.extensions.datasketches.postAggregator.TupleSketchTTestPostAggregatorTest -->
