<?xml version="1.0" encoding="UTF-8"?>
<!-- Generated by org.testng.reporters.JUnitReportReporter -->
<testsuite skipped="0" hostname="DESKTOP-FGG3A1F" name="in.zapr.druid.druidry.filter.SelectorFilterTest" tests="7" failures="0" timestamp="15 Feb 2023 11:11:14 GMT" time="0.009" errors="0">
  <testcase name="testDimensionMissing" time="0.001" classname="in.zapr.druid.druidry.filter.SelectorFilterTest"/>
  <testcase name="testLongField" time="0.002" classname="in.zapr.druid.druidry.filter.SelectorFilterTest"/>
  <testcase name="testStringField" time="0.000" classname="in.zapr.druid.druidry.filter.SelectorFilterTest"/>
  <testcase name="testIntegerField" time="0.003" classname="in.zapr.druid.druidry.filter.SelectorFilterTest"/>
  <testcase name="testOptionalWithIntegerField" time="0.001" classname="in.zapr.druid.druidry.filter.SelectorFilterTest"/>
  <testcase name="testOptionalWithLongField" time="0.001" classname="in.zapr.druid.druidry.filter.SelectorFilterTest"/>
  <testcase name="testOptionalWithStringField" time="0.001" classname="in.zapr.druid.druidry.filter.SelectorFilterTest"/>
</testsuite> <!-- in.zapr.druid.druidry.filter.SelectorFilterTest -->
