<?xml version="1.0" encoding="UTF-8"?>
<!-- Generated by org.testng.reporters.JUnitReportReporter -->
<testsuite skipped="0" hostname="DESKTOP-FGG3A1F" name="in.zapr.druid.druidry.aggregator.FloatLastAggregatorTest" tests="6" failures="0" timestamp="15 Feb 2023 11:11:14 GMT" time="0.002" errors="0">
  <testcase name="testAllFields" time="0.002" classname="in.zapr.druid.druidry.aggregator.FloatLastAggregatorTest"/>
  <testcase name="testFieldName" time="0.000" classname="in.zapr.druid.druidry.aggregator.FloatLastAggregatorTest"/>
  <testcase name="testEqualsWithAnotherSubClass" time="0.000" classname="in.zapr.druid.druidry.aggregator.FloatLastAggregatorTest"/>
  <testcase name="testNullName" time="0.000" classname="in.zapr.druid.druidry.aggregator.FloatLastAggregatorTest"/>
  <testcase name="testEqualsPositive" time="0.000" classname="in.zapr.druid.druidry.aggregator.FloatLastAggregatorTest"/>
  <testcase name="testEqualsNegative" time="0.000" classname="in.zapr.druid.druidry.aggregator.FloatLastAggregatorTest"/>
</testsuite> <!-- in.zapr.druid.druidry.aggregator.FloatLastAggregatorTest -->
