<?xml version="1.0" encoding="UTF-8"?>
<!-- Generated by org.testng.reporters.JUnitReportReporter -->
<testsuite skipped="0" hostname="DESKTOP-FGG3A1F" name="in.zapr.druid.druidry.dimension.DefaultDimensionTest" tests="7" failures="0" timestamp="15 Feb 2023 11:11:14 GMT" time="0.006" errors="0">
  <testcase name="testEqualsPositive" time="0.003" classname="in.zapr.druid.druidry.dimension.DefaultDimensionTest"/>
  <testcase name="testAllFields" time="0.001" classname="in.zapr.druid.druidry.dimension.DefaultDimensionTest"/>
  <testcase name="testEqualsWithAnotherSubClass" time="0.000" classname="in.zapr.druid.druidry.dimension.DefaultDimensionTest"/>
  <testcase name="testRequiredFields" time="0.000" classname="in.zapr.druid.druidry.dimension.DefaultDimensionTest"/>
  <testcase name="testDimensionMissingFields" time="0.001" classname="in.zapr.druid.druidry.dimension.DefaultDimensionTest"/>
  <testcase name="testOutputNameMissingFields" time="0.000" classname="in.zapr.druid.druidry.dimension.DefaultDimensionTest"/>
  <testcase name="testEqualsNegative" time="0.001" classname="in.zapr.druid.druidry.dimension.DefaultDimensionTest"/>
</testsuite> <!-- in.zapr.druid.druidry.dimension.DefaultDimensionTest -->
