<?xml version="1.0" encoding="UTF-8"?>
<!-- Generated by org.testng.reporters.JUnitReportReporter -->
<testsuite skipped="0" hostname="DESKTOP-FGG3A1F" name="in.zapr.druid.druidry.dataSource.TableDataSourceTest" tests="2" failures="0" timestamp="15 Feb 2023 11:11:14 GMT" time="0.000" errors="0">
  <testcase name="testTableDataSource" time="0.000" classname="in.zapr.druid.druidry.dataSource.TableDataSourceTest"/>
  <testcase name="testNullableDataSourceName" time="0.000" classname="in.zapr.druid.druidry.dataSource.TableDataSourceTest"/>
</testsuite> <!-- in.zapr.druid.druidry.dataSource.TableDataSourceTest -->
