<?xml version="1.0" encoding="UTF-8"?>
<!-- Generated by org.testng.reporters.JUnitReportReporter -->
<testsuite skipped="0" hostname="DESKTOP-FGG3A1F" name="in.zapr.druid.druidry.query.aggregation.MovingAverageTest" tests="17" failures="0" timestamp="15 Feb 2023 11:11:14 GMT" time="0.068" errors="0">
  <testcase name="tryToBuildWithoutAggregations" time="0.000" classname="in.zapr.druid.druidry.query.aggregation.MovingAverageTest"/>
  <testcase name="testAllAveragerTypes" time="0.005" classname="in.zapr.druid.druidry.query.aggregation.MovingAverageTest"/>
  <testcase name="testAllAveragerTypes" time="0.004" classname="in.zapr.druid.druidry.query.aggregation.MovingAverageTest"/>
  <testcase name="testAllFieldsQuery" time="0.018" classname="in.zapr.druid.druidry.query.aggregation.MovingAverageTest"/>
  <testcase name="tryToBuildWithoutAveragers" time="0.001" classname="in.zapr.druid.druidry.query.aggregation.MovingAverageTest"/>
  <testcase name="testAllAveragerTypes" time="0.012" classname="in.zapr.druid.druidry.query.aggregation.MovingAverageTest"/>
  <testcase name="testAllAveragerTypes" time="0.003" classname="in.zapr.druid.druidry.query.aggregation.MovingAverageTest"/>
  <testcase name="tryToBuildWithoutGranularity" time="0.000" classname="in.zapr.druid.druidry.query.aggregation.MovingAverageTest"/>
  <testcase name="tryToBuildWithoutIntervals" time="0.001" classname="in.zapr.druid.druidry.query.aggregation.MovingAverageTest"/>
  <testcase name="testAllAveragerTypes" time="0.005" classname="in.zapr.druid.druidry.query.aggregation.MovingAverageTest"/>
  <testcase name="tryToBuildWithoutDataSource" time="0.000" classname="in.zapr.druid.druidry.query.aggregation.MovingAverageTest"/>
  <testcase name="testAllAveragerTypes" time="0.003" classname="in.zapr.druid.druidry.query.aggregation.MovingAverageTest"/>
  <testcase name="testSimpleQuery" time="0.002" classname="in.zapr.druid.druidry.query.aggregation.MovingAverageTest"/>
  <testcase name="testAllAveragerTypes" time="0.006" classname="in.zapr.druid.druidry.query.aggregation.MovingAverageTest"/>
  <testcase name="testAllAveragerTypes" time="0.003" classname="in.zapr.druid.druidry.query.aggregation.MovingAverageTest"/>
  <testcase name="testAllAveragerTypes" time="0.003" classname="in.zapr.druid.druidry.query.aggregation.MovingAverageTest"/>
  <testcase name="testAllAveragerTypes" time="0.002" classname="in.zapr.druid.druidry.query.aggregation.MovingAverageTest"/>
</testsuite> <!-- in.zapr.druid.druidry.query.aggregation.MovingAverageTest -->
