<?xml version="1.0" encoding="UTF-8"?>
<!-- Generated by org.testng.reporters.JUnitReportReporter -->
<testsuite skipped="0" hostname="DESKTOP-FGG3A1F" name="in.zapr.druid.druidry.extensions.distinctcount.aggregator.DistinctCountAggregatorTest" tests="4" failures="0" timestamp="15 Feb 2023 11:11:14 GMT" time="0.002" errors="0">
  <testcase name="testEqualsNegative" time="0.000" classname="in.zapr.druid.druidry.extensions.distinctcount.aggregator.DistinctCountAggregatorTest"/>
  <testcase name="testNullFields" time="0.000" classname="in.zapr.druid.druidry.extensions.distinctcount.aggregator.DistinctCountAggregatorTest"/>
  <testcase name="testEqualsPositive" time="0.000" classname="in.zapr.druid.druidry.extensions.distinctcount.aggregator.DistinctCountAggregatorTest"/>
  <testcase name="testAllFields" time="0.002" classname="in.zapr.druid.druidry.extensions.distinctcount.aggregator.DistinctCountAggregatorTest"/>
</testsuite> <!-- in.zapr.druid.druidry.extensions.distinctcount.aggregator.DistinctCountAggregatorTest -->
