<?xml version="1.0" encoding="UTF-8"?>
<!-- Generated by org.testng.reporters.JUnitReportReporter -->
<testsuite skipped="0" hostname="DESKTOP-FGG3A1F" name="in.zapr.druid.druidry.aggregator.DoubleMaxAggregatorTest" tests="6" failures="0" timestamp="15 Feb 2023 11:11:14 GMT" time="0.006" errors="0">
  <testcase name="testEqualsPositive" time="0.001" classname="in.zapr.druid.druidry.aggregator.DoubleMaxAggregatorTest"/>
  <testcase name="testAllButFieldName" time="0.004" classname="in.zapr.druid.druidry.aggregator.DoubleMaxAggregatorTest"/>
  <testcase name="testNullName" time="0.001" classname="in.zapr.druid.druidry.aggregator.DoubleMaxAggregatorTest"/>
  <testcase name="testEqualsWithAnotherSubClass" time="0.000" classname="in.zapr.druid.druidry.aggregator.DoubleMaxAggregatorTest"/>
  <testcase name="testEqualsNegative" time="0.000" classname="in.zapr.druid.druidry.aggregator.DoubleMaxAggregatorTest"/>
  <testcase name="testAllFields" time="0.000" classname="in.zapr.druid.druidry.aggregator.DoubleMaxAggregatorTest"/>
</testsuite> <!-- in.zapr.druid.druidry.aggregator.DoubleMaxAggregatorTest -->
