<?xml version="1.0" encoding="UTF-8"?>
<!-- Generated by org.testng.reporters.JUnitReportReporter -->
<testsuite skipped="0" hostname="DESKTOP-FGG3A1F" name="in.zapr.druid.druidry.dataSource.QueryDataSourceTest" tests="2" failures="0" timestamp="15 Feb 2023 11:11:14 GMT" time="0.037" errors="0">
  <testcase name="testNullableDataSourceQuery" time="0.000" classname="in.zapr.druid.druidry.dataSource.QueryDataSourceTest"/>
  <testcase name="testQueryDataSource" time="0.037" classname="in.zapr.druid.druidry.dataSource.QueryDataSourceTest"/>
</testsuite> <!-- in.zapr.druid.druidry.dataSource.QueryDataSourceTest -->
