<?xml version="1.0" encoding="UTF-8"?>
<!-- Generated by org.testng.reporters.JUnitReportReporter -->
<testsuite skipped="0" hostname="DESKTOP-FGG3A1F" name="in.zapr.druid.druidry.query.select.DruidSelectQueryTest" tests="5" failures="0" timestamp="15 Feb 2023 11:11:14 GMT" time="0.020" errors="0">
  <testcase name="testNullablePagingSpec" time="0.001" classname="in.zapr.druid.druidry.query.select.DruidSelectQueryTest"/>
  <testcase name="testPagingQuery" time="0.013" classname="in.zapr.druid.druidry.query.select.DruidSelectQueryTest"/>
  <testcase name="testNullableDataSource" time="0.003" classname="in.zapr.druid.druidry.query.select.DruidSelectQueryTest"/>
  <testcase name="testNullableInterval" time="0.001" classname="in.zapr.druid.druidry.query.select.DruidSelectQueryTest"/>
  <testcase name="testSampleQuery" time="0.002" classname="in.zapr.druid.druidry.query.select.DruidSelectQueryTest"/>
</testsuite> <!-- in.zapr.druid.druidry.query.select.DruidSelectQueryTest -->
