<?xml version="1.0" encoding="UTF-8"?>
<!-- Generated by org.testng.reporters.JUnitReportReporter -->
<testsuite skipped="0" hostname="DESKTOP-FGG3A1F" name="in.zapr.druid.druidry.filter.searchQuerySpec.ContainsSearchQuerySpecTest" tests="3" failures="0" timestamp="15 Feb 2023 11:11:14 GMT" time="0.003" errors="0">
  <testcase name="testMissingValueField" time="0.000" classname="in.zapr.druid.druidry.filter.searchQuerySpec.ContainsSearchQuerySpecTest"/>
  <testcase name="testAllFields" time="0.003" classname="in.zapr.druid.druidry.filter.searchQuerySpec.ContainsSearchQuerySpecTest"/>
  <testcase name="testRequiredFields" time="0.000" classname="in.zapr.druid.druidry.filter.searchQuerySpec.ContainsSearchQuerySpecTest"/>
</testsuite> <!-- in.zapr.druid.druidry.filter.searchQuerySpec.ContainsSearchQuerySpecTest -->
