<?xml version="1.0" encoding="UTF-8"?>
<!-- Generated by org.testng.reporters.JUnitReportReporter -->
<testsuite skipped="0" hostname="DESKTOP-FGG3A1F" name="in.zapr.druid.druidry.query.search.DruidSearchQueryTest" tests="3" failures="0" timestamp="15 Feb 2023 11:11:14 GMT" time="0.012" errors="0">
  <testcase name="testRequiredFields" time="0.001" classname="in.zapr.druid.druidry.query.search.DruidSearchQueryTest"/>
  <testcase name="testSampleQuery" time="0.004" classname="in.zapr.druid.druidry.query.search.DruidSearchQueryTest"/>
  <testcase name="testAllFields" time="0.007" classname="in.zapr.druid.druidry.query.search.DruidSearchQueryTest"/>
</testsuite> <!-- in.zapr.druid.druidry.query.search.DruidSearchQueryTest -->
