<?xml version="1.0" encoding="UTF-8"?>
<!-- Generated by org.testng.reporters.JUnitReportReporter -->
<testsuite skipped="0" hostname="DESKTOP-FGG3A1F" name="in.zapr.druid.druidry.filter.IntervalFilterTest" tests="3" failures="0" timestamp="15 Feb 2023 11:11:14 GMT" time="0.008" errors="0">
  <testcase name="testMissingDimensionField" time="0.001" classname="in.zapr.druid.druidry.filter.IntervalFilterTest"/>
  <testcase name="testMissingIntervalField" time="0.000" classname="in.zapr.druid.druidry.filter.IntervalFilterTest"/>
  <testcase name="testFields" time="0.007" classname="in.zapr.druid.druidry.filter.IntervalFilterTest"/>
</testsuite> <!-- in.zapr.druid.druidry.filter.IntervalFilterTest -->
