<?xml version="1.0" encoding="UTF-8"?>
<!-- Generated by org.testng.reporters.JUnitReportReporter -->
<testsuite skipped="0" hostname="DESKTOP-FGG3A1F" name="in.zapr.druid.druidry.extensions.histogram.postAggregator.MinPostAggregatorTest" tests="3" failures="0" timestamp="15 Feb 2023 11:11:14 GMT" time="0.002" errors="0">
  <testcase name="testMissingFieldNameFields" time="0.000" classname="in.zapr.druid.druidry.extensions.histogram.postAggregator.MinPostAggregatorTest"/>
  <testcase name="testAllFields" time="0.002" classname="in.zapr.druid.druidry.extensions.histogram.postAggregator.MinPostAggregatorTest"/>
  <testcase name="testMissingNameFields" time="0.000" classname="in.zapr.druid.druidry.extensions.histogram.postAggregator.MinPostAggregatorTest"/>
</testsuite> <!-- in.zapr.druid.druidry.extensions.histogram.postAggregator.MinPostAggregatorTest -->
