<?xml version="1.0" encoding="UTF-8"?>
<!-- Generated by org.testng.reporters.JUnitReportReporter -->
<testsuite skipped="0" hostname="DESKTOP-FGG3A1F" name="in.zapr.druid.druidry.extensions.datasketches.postAggregator.QuantilesSketchToHistogramPostAggregatorTest" tests="4" failures="0" timestamp="15 Feb 2023 11:11:14 GMT" time="0.005" errors="0">
  <testcase name="testNullField" time="0.000" classname="in.zapr.druid.druidry.extensions.datasketches.postAggregator.QuantilesSketchToHistogramPostAggregatorTest"/>
  <testcase name="testNullSplitPoints" time="0.000" classname="in.zapr.druid.druidry.extensions.datasketches.postAggregator.QuantilesSketchToHistogramPostAggregatorTest"/>
  <testcase name="testNullName" time="0.001" classname="in.zapr.druid.druidry.extensions.datasketches.postAggregator.QuantilesSketchToHistogramPostAggregatorTest"/>
  <testcase name="testAllFields" time="0.004" classname="in.zapr.druid.druidry.extensions.datasketches.postAggregator.QuantilesSketchToHistogramPostAggregatorTest"/>
</testsuite> <!-- in.zapr.druid.druidry.extensions.datasketches.postAggregator.QuantilesSketchToHistogramPostAggregatorTest -->
