<?xml version="1.0" encoding="UTF-8"?>
<!-- Generated by org.testng.reporters.JUnitReportReporter -->
<testsuite skipped="0" hostname="DESKTOP-FGG3A1F" name="in.zapr.druid.druidry.granularity.SimpleGranularityTest" tests="3" failures="0" timestamp="15 Feb 2023 11:11:14 GMT" time="0.092" errors="0">
  <testcase name="testEqualsPositive" time="0.000" classname="in.zapr.druid.druidry.granularity.SimpleGranularityTest"/>
  <testcase name="testEqualsNegative" time="0.001" classname="in.zapr.druid.druidry.granularity.SimpleGranularityTest"/>
  <testcase name="testEqualsWithAnotherSubClass" time="0.091" classname="in.zapr.druid.druidry.granularity.SimpleGranularityTest"/>
</testsuite> <!-- in.zapr.druid.druidry.granularity.SimpleGranularityTest -->
