<?xml version="1.0" encoding="UTF-8"?>
<!-- Generated by org.testng.reporters.JUnitReportReporter -->
<testsuite skipped="0" hostname="DESKTOP-FGG3A1F" name="in.zapr.druid.druidry.extensions.datasketches.postAggregator.ThetaSketchSetOpPostAggregatorTest" tests="5" failures="0" timestamp="15 Feb 2023 11:11:14 GMT" time="0.004" errors="0">
  <testcase name="testAllFields" time="0.002" classname="in.zapr.druid.druidry.extensions.datasketches.postAggregator.ThetaSketchSetOpPostAggregatorTest"/>
  <testcase name="testNullFunction" time="0.000" classname="in.zapr.druid.druidry.extensions.datasketches.postAggregator.ThetaSketchSetOpPostAggregatorTest"/>
  <testcase name="testRequiredFields" time="0.001" classname="in.zapr.druid.druidry.extensions.datasketches.postAggregator.ThetaSketchSetOpPostAggregatorTest"/>
  <testcase name="testNullName" time="0.000" classname="in.zapr.druid.druidry.extensions.datasketches.postAggregator.ThetaSketchSetOpPostAggregatorTest"/>
  <testcase name="testNullFields" time="0.001" classname="in.zapr.druid.druidry.extensions.datasketches.postAggregator.ThetaSketchSetOpPostAggregatorTest"/>
</testsuite> <!-- in.zapr.druid.druidry.extensions.datasketches.postAggregator.ThetaSketchSetOpPostAggregatorTest -->
