<?xml version="1.0" encoding="UTF-8"?>
<!-- Generated by org.testng.reporters.JUnitReportReporter -->
<testsuite skipped="0" hostname="DESKTOP-FGG3A1F" name="in.zapr.druid.druidry.limitSpec.OrderByColumnSpecMapTest" tests="1" failures="0" timestamp="15 Feb 2023 11:11:14 GMT" time="0.000" errors="0">
  <testcase name="testOrderColumnSpecOnlyDimensionField" time="0.000" classname="in.zapr.druid.druidry.limitSpec.OrderByColumnSpecMapTest"/>
</testsuite> <!-- in.zapr.druid.druidry.limitSpec.OrderByColumnSpecMapTest -->
