<?xml version="1.0" encoding="UTF-8"?>
<!-- Generated by org.testng.reporters.JUnitReportReporter -->
<testsuite skipped="0" hostname="DESKTOP-FGG3A1F" name="in.zapr.druid.druidry.query.aggregation.TopNQueryTest" tests="6" failures="0" timestamp="15 Feb 2023 11:11:14 GMT" time="0.039" errors="0">
  <testcase name="preconditionCheck" time="0.001" classname="in.zapr.druid.druidry.query.aggregation.TopNQueryTest"/>
  <testcase name="testEquals" time="0.000" classname="in.zapr.druid.druidry.query.aggregation.TopNQueryTest"/>
  <testcase name="testAllFields" time="0.033" classname="in.zapr.druid.druidry.query.aggregation.TopNQueryTest"/>
  <testcase name="testRequiredFields" time="0.000" classname="in.zapr.druid.druidry.query.aggregation.TopNQueryTest"/>
  <testcase name="testUnequals" time="0.001" classname="in.zapr.druid.druidry.query.aggregation.TopNQueryTest"/>
  <testcase name="testSampleQuery" time="0.004" classname="in.zapr.druid.druidry.query.aggregation.TopNQueryTest"/>
</testsuite> <!-- in.zapr.druid.druidry.query.aggregation.TopNQueryTest -->
