<?xml version="1.0" encoding="UTF-8"?>
<!-- Generated by org.testng.reporters.JUnitReportReporter -->
<testsuite skipped="0" hostname="DESKTOP-FGG3A1F" name="in.zapr.druid.druidry.granularity.PeriodGranularityTest" tests="4" failures="0" timestamp="15 Feb 2023 11:11:14 GMT" time="0.018" errors="0">
  <testcase name="testEqualsNegative" time="0.001" classname="in.zapr.druid.druidry.granularity.PeriodGranularityTest"/>
  <testcase name="testEqualsPositive" time="0.013" classname="in.zapr.druid.druidry.granularity.PeriodGranularityTest"/>
  <testcase name="testEqualsWithAnotherSubClass" time="0.001" classname="in.zapr.druid.druidry.granularity.PeriodGranularityTest"/>
  <testcase name="testAllFields" time="0.003" classname="in.zapr.druid.druidry.granularity.PeriodGranularityTest"/>
</testsuite> <!-- in.zapr.druid.druidry.granularity.PeriodGranularityTest -->
