<?xml version="1.0" encoding="UTF-8"?>
<!-- Generated by org.testng.reporters.JUnitReportReporter -->
<testsuite skipped="0" hostname="DESKTOP-FGG3A1F" name="in.zapr.druid.druidry.dimension.ListFilteredDimensionTest" tests="5" failures="0" timestamp="15 Feb 2023 11:11:14 GMT" time="0.005" errors="0">
  <testcase name="testListFilteredDimension" time="0.003" classname="in.zapr.druid.druidry.dimension.ListFilteredDimensionTest"/>
  <testcase name="testListFilteredDimensionIsWhiteListedFalse" time="0.001" classname="in.zapr.druid.druidry.dimension.ListFilteredDimensionTest"/>
  <testcase name="testListFilteredDimensionWithNullDimension" time="0.000" classname="in.zapr.druid.druidry.dimension.ListFilteredDimensionTest"/>
  <testcase name="testListFilteredDimensionWithNullList" time="0.000" classname="in.zapr.druid.druidry.dimension.ListFilteredDimensionTest"/>
  <testcase name="testListFilteredDimensionIsWhiteListedDefault" time="0.001" classname="in.zapr.druid.druidry.dimension.ListFilteredDimensionTest"/>
</testsuite> <!-- in.zapr.druid.druidry.dimension.ListFilteredDimensionTest -->
