<?xml version="1.0" encoding="UTF-8"?>
<!-- Generated by org.testng.reporters.JUnitReportReporter -->
<testsuite skipped="0" hostname="DESKTOP-FGG3A1F" name="in.zapr.druid.druidry.aggregator.StringFirstAggregatorTest" tests="4" failures="0" timestamp="15 Feb 2023 11:11:14 GMT" time="0.012" errors="0">
  <testcase name="tryToCreateWithoutFieldName" time="0.001" classname="in.zapr.druid.druidry.aggregator.StringFirstAggregatorTest"/>
  <testcase name="testRequiredFields" time="0.001" classname="in.zapr.druid.druidry.aggregator.StringFirstAggregatorTest"/>
  <testcase name="testAllFields" time="0.008" classname="in.zapr.druid.druidry.aggregator.StringFirstAggregatorTest"/>
  <testcase name="tryToCreateWithoutName" time="0.002" classname="in.zapr.druid.druidry.aggregator.StringFirstAggregatorTest"/>
</testsuite> <!-- in.zapr.druid.druidry.aggregator.StringFirstAggregatorTest -->
