<?xml version="1.0" encoding="UTF-8"?>
<!-- Generated by org.testng.reporters.JUnitReportReporter -->
<testsuite skipped="0" hostname="DESKTOP-FGG3A1F" name="in.zapr.druid.druidry.filter.searchQuerySpec.RegexSearchQuerySpecTest" tests="2" failures="0" timestamp="15 Feb 2023 11:11:14 GMT" time="0.003" errors="0">
  <testcase name="testPatternField" time="0.001" classname="in.zapr.druid.druidry.filter.searchQuerySpec.RegexSearchQuerySpecTest"/>
  <testcase name="testAllFields" time="0.002" classname="in.zapr.druid.druidry.filter.searchQuerySpec.RegexSearchQuerySpecTest"/>
</testsuite> <!-- in.zapr.druid.druidry.filter.searchQuerySpec.RegexSearchQuerySpecTest -->
