<?xml version="1.0" encoding="UTF-8"?>
<!-- Generated by org.testng.reporters.JUnitReportReporter -->
<testsuite skipped="0" hostname="DESKTOP-FGG3A1F" name="in.zapr.druid.druidry.filter.searchQuerySpec.FragmentSearchQuerySpecTest" tests="3" failures="0" timestamp="15 Feb 2023 11:11:14 GMT" time="0.074" errors="0">
  <testcase name="testMissingValueField" time="0.001" classname="in.zapr.druid.druidry.filter.searchQuerySpec.FragmentSearchQuerySpecTest"/>
  <testcase name="testAllFields" time="0.068" classname="in.zapr.druid.druidry.filter.searchQuerySpec.FragmentSearchQuerySpecTest"/>
  <testcase name="testRequiredFields" time="0.005" classname="in.zapr.druid.druidry.filter.searchQuerySpec.FragmentSearchQuerySpecTest"/>
</testsuite> <!-- in.zapr.druid.druidry.filter.searchQuerySpec.FragmentSearchQuerySpecTest -->
