<?xml version="1.0" encoding="UTF-8"?>
<!-- Generated by org.testng.reporters.JUnitReportReporter -->
<testsuite skipped="0" hostname="DESKTOP-FGG3A1F" name="in.zapr.druid.druidry.query.aggregation.GroupByTest" tests="3" failures="0" timestamp="15 Feb 2023 11:11:14 GMT" time="0.016" errors="0">
  <testcase name="testSampleQuery" time="0.006" classname="in.zapr.druid.druidry.query.aggregation.GroupByTest"/>
  <testcase name="testAllFields" time="0.009" classname="in.zapr.druid.druidry.query.aggregation.GroupByTest"/>
  <testcase name="testRequiredFields" time="0.001" classname="in.zapr.druid.druidry.query.aggregation.GroupByTest"/>
</testsuite> <!-- in.zapr.druid.druidry.query.aggregation.GroupByTest -->
