<?xml version="1.0" encoding="UTF-8"?>
<!-- Generated by org.testng.reporters.JUnitReportReporter -->
<testsuite skipped="0" hostname="DESKTOP-FGG3A1F" name="in.zapr.druid.druidry.extensions.datasketches.aggregator.HllSketchBuildAggregatorTest" tests="4" failures="0" timestamp="15 Feb 2023 11:11:14 GMT" time="0.005" errors="0">
  <testcase name="testAllFields" time="0.005" classname="in.zapr.druid.druidry.extensions.datasketches.aggregator.HllSketchBuildAggregatorTest"/>
  <testcase name="testNullFieldName" time="0.000" classname="in.zapr.druid.druidry.extensions.datasketches.aggregator.HllSketchBuildAggregatorTest"/>
  <testcase name="testNullName" time="0.000" classname="in.zapr.druid.druidry.extensions.datasketches.aggregator.HllSketchBuildAggregatorTest"/>
  <testcase name="testRequiredFields" time="0.000" classname="in.zapr.druid.druidry.extensions.datasketches.aggregator.HllSketchBuildAggregatorTest"/>
</testsuite> <!-- in.zapr.druid.druidry.extensions.datasketches.aggregator.HllSketchBuildAggregatorTest -->
