<?xml version="1.0" encoding="UTF-8"?>
<!-- Generated by org.testng.reporters.JUnitReportReporter -->
<testsuite skipped="0" hostname="DESKTOP-FGG3A1F" name="in.zapr.druid.druidry.query.config.IntervalTest" tests="3" failures="0" timestamp="15 Feb 2023 11:11:14 GMT" time="0.001" errors="0">
  <testcase name="testMissingEndField" time="0.000" classname="in.zapr.druid.druidry.query.config.IntervalTest"/>
  <testcase name="testMissingStartField" time="0.001" classname="in.zapr.druid.druidry.query.config.IntervalTest"/>
  <testcase name="intervalEqualityTest" time="0.000" classname="in.zapr.druid.druidry.query.config.IntervalTest"/>
</testsuite> <!-- in.zapr.druid.druidry.query.config.IntervalTest -->
