<?xml version="1.0" encoding="UTF-8"?>
<!-- Generated by org.testng.reporters.JUnitReportReporter -->
<testsuite skipped="0" hostname="DESKTOP-FGG3A1F" name="in.zapr.druid.druidry.query.config.ContextTest" tests="5" failures="0" timestamp="15 Feb 2023 11:11:14 GMT" time="0.007" errors="0">
  <testcase name="testContextEquals" time="0.000" classname="in.zapr.druid.druidry.query.config.ContextTest"/>
  <testcase name="testNoFields" time="0.001" classname="in.zapr.druid.druidry.query.config.ContextTest"/>
  <testcase name="testContextUnequals" time="0.000" classname="in.zapr.druid.druidry.query.config.ContextTest"/>
  <testcase name="preconditionCheck" time="0.000" classname="in.zapr.druid.druidry.query.config.ContextTest"/>
  <testcase name="testAllFields" time="0.006" classname="in.zapr.druid.druidry.query.config.ContextTest"/>
</testsuite> <!-- in.zapr.druid.druidry.query.config.ContextTest -->
