<?xml version="1.0" encoding="UTF-8"?>
<!-- Generated by org.testng.reporters.JUnitReportReporter -->
<testsuite skipped="0" hostname="DESKTOP-FGG3A1F" name="in.zapr.druid.druidry.extensions.histogram.aggregator.ApproxHistogramAggregatorTest" tests="3" failures="0" timestamp="15 Feb 2023 11:11:14 GMT" time="0.004" errors="0">
  <testcase name="testNullName" time="0.000" classname="in.zapr.druid.druidry.extensions.histogram.aggregator.ApproxHistogramAggregatorTest"/>
  <testcase name="testNullFieldName" time="0.001" classname="in.zapr.druid.druidry.extensions.histogram.aggregator.ApproxHistogramAggregatorTest"/>
  <testcase name="testAllFields" time="0.003" classname="in.zapr.druid.druidry.extensions.histogram.aggregator.ApproxHistogramAggregatorTest"/>
</testsuite> <!-- in.zapr.druid.druidry.extensions.histogram.aggregator.ApproxHistogramAggregatorTest -->
