<?xml version="1.0" encoding="UTF-8"?>
<!-- Generated by org.testng.reporters.JUnitReportReporter -->
<testsuite skipped="0" hostname="DESKTOP-FGG3A1F" name="in.zapr.druid.druidry.postAggregator.FieldAccessPostAggregatorTest" tests="7" failures="0" timestamp="15 Feb 2023 11:11:14 GMT" time="0.003" errors="0">
  <testcase name="testNullFieldName" time="0.000" classname="in.zapr.druid.druidry.postAggregator.FieldAccessPostAggregatorTest"/>
  <testcase name="testEqualsNegative" time="0.000" classname="in.zapr.druid.druidry.postAggregator.FieldAccessPostAggregatorTest"/>
  <testcase name="testEqualsWithAnotherSubClass" time="0.000" classname="in.zapr.druid.druidry.postAggregator.FieldAccessPostAggregatorTest"/>
  <testcase name="testFieldAccessPostAggregatorAllFields" time="0.001" classname="in.zapr.druid.druidry.postAggregator.FieldAccessPostAggregatorTest"/>
  <testcase name="testEqualsPositive" time="0.001" classname="in.zapr.druid.druidry.postAggregator.FieldAccessPostAggregatorTest"/>
  <testcase name="testNullFieldNameSingleConstructor" time="0.001" classname="in.zapr.druid.druidry.postAggregator.FieldAccessPostAggregatorTest"/>
  <testcase name="testNullName" time="0.000" classname="in.zapr.druid.druidry.postAggregator.FieldAccessPostAggregatorTest"/>
</testsuite> <!-- in.zapr.druid.druidry.postAggregator.FieldAccessPostAggregatorTest -->
