<?xml version="1.0" encoding="UTF-8"?>
<!-- Generated by org.testng.reporters.JUnitReportReporter -->
<testsuite skipped="0" hostname="DESKTOP-FGG3A1F" name="in.zapr.druid.druidry.query.scan.DruidScanQueryTest" tests="5" failures="0" timestamp="15 Feb 2023 11:11:14 GMT" time="0.014" errors="0">
  <testcase name="testRequiredFields" time="0.007" classname="in.zapr.druid.druidry.query.scan.DruidScanQueryTest"/>
  <testcase name="preconditionBatchSizeCheck" time="0.002" classname="in.zapr.druid.druidry.query.scan.DruidScanQueryTest"/>
  <testcase name="preconditionLimitCheck" time="0.000" classname="in.zapr.druid.druidry.query.scan.DruidScanQueryTest"/>
  <testcase name="testSampleQuery" time="0.005" classname="in.zapr.druid.druidry.query.scan.DruidScanQueryTest"/>
  <testcase name="testSampleQueryWithEmptyLines" time="0.000" classname="in.zapr.druid.druidry.query.scan.DruidScanQueryTest"/>
</testsuite> <!-- in.zapr.druid.druidry.query.scan.DruidScanQueryTest -->
