<?xml version="1.0" encoding="UTF-8"?>
<!-- Generated by org.testng.reporters.JUnitReportReporter -->
<testsuite skipped="0" hostname="DESKTOP-FGG3A1F" name="in.zapr.druid.druidry.topNMetric.InvertedMetricTest" tests="4" failures="0" timestamp="15 Feb 2023 11:11:14 GMT" time="0.010" errors="0">
  <testcase name="testMetricMissingFields" time="0.000" classname="in.zapr.druid.druidry.topNMetric.InvertedMetricTest"/>
  <testcase name="testEqualsPositive" time="0.001" classname="in.zapr.druid.druidry.topNMetric.InvertedMetricTest"/>
  <testcase name="testAllFields" time="0.007" classname="in.zapr.druid.druidry.topNMetric.InvertedMetricTest"/>
  <testcase name="testEqualsNegative" time="0.002" classname="in.zapr.druid.druidry.topNMetric.InvertedMetricTest"/>
</testsuite> <!-- in.zapr.druid.druidry.topNMetric.InvertedMetricTest -->
