<?xml version="1.0" encoding="UTF-8"?>
<!-- Generated by org.testng.reporters.JUnitReportReporter -->
<testsuite skipped="0" hostname="DESKTOP-FGG3A1F" name="in.zapr.druid.druidry.dataSource.UnionDataSourceTest" tests="2" failures="0" timestamp="15 Feb 2023 11:11:14 GMT" time="0.004" errors="0">
  <testcase name="testNullableDataSourceList" time="0.001" classname="in.zapr.druid.druidry.dataSource.UnionDataSourceTest"/>
  <testcase name="testUnionDataSource" time="0.003" classname="in.zapr.druid.druidry.dataSource.UnionDataSourceTest"/>
</testsuite> <!-- in.zapr.druid.druidry.dataSource.UnionDataSourceTest -->
