<?xml version="1.0" encoding="UTF-8"?>
<!-- Generated by org.testng.reporters.JUnitReportReporter -->
<testsuite skipped="0" hostname="DESKTOP-FGG3A1F" name="in.zapr.druid.druidry.limitSpec.DefaultLimitSpecTest" tests="2" failures="0" timestamp="15 Feb 2023 11:11:14 GMT" time="0.011" errors="0">
  <testcase name="testDefaultLimitSpecWithColumnSpecMap" time="0.003" classname="in.zapr.druid.druidry.limitSpec.DefaultLimitSpecTest"/>
  <testcase name="testDefaultLimitSpecWithColumnName" time="0.008" classname="in.zapr.druid.druidry.limitSpec.DefaultLimitSpecTest"/>
</testsuite> <!-- in.zapr.druid.druidry.limitSpec.DefaultLimitSpecTest -->
