<?xml version="1.0" encoding="UTF-8"?>
<!-- Generated by org.testng.reporters.JUnitReportReporter -->
<testsuite skipped="0" hostname="DESKTOP-FGG3A1F" name="in.zapr.druid.druidry.client.DruidConfigurationTest" tests="7" failures="0" timestamp="15 Feb 2023 11:11:14 GMT" time="0.010" errors="0">
  <testcase name="testNegativeConcurrentConnectionValue" time="0.000" classname="in.zapr.druid.druidry.client.DruidConfigurationTest"/>
  <testcase name="testDefaultConfigProtocol" time="0.008" classname="in.zapr.druid.druidry.client.DruidConfigurationTest"/>
  <testcase name="testDruidConfiguration" time="0.001" classname="in.zapr.druid.druidry.client.DruidConfigurationTest"/>
  <testcase name="testNullEndpoint" time="0.000" classname="in.zapr.druid.druidry.client.DruidConfigurationTest"/>
  <testcase name="testNegativePort" time="0.000" classname="in.zapr.druid.druidry.client.DruidConfigurationTest"/>
  <testcase name="testEmptyHost" time="0.001" classname="in.zapr.druid.druidry.client.DruidConfigurationTest"/>
  <testcase name="testNullHost" time="0.000" classname="in.zapr.druid.druidry.client.DruidConfigurationTest"/>
</testsuite> <!-- in.zapr.druid.druidry.client.DruidConfigurationTest -->
