<?xml version="1.0" encoding="UTF-8"?>
<!-- Generated by org.testng.reporters.JUnitReportReporter -->
<testsuite skipped="0" hostname="DESKTOP-FGG3A1F" name="in.zapr.druid.druidry.postAggregator.ArithmeticPostAggregatorTest" tests="8" failures="0" timestamp="15 Feb 2023 11:11:14 GMT" time="0.026" errors="0">
  <testcase name="testArithmeticPostAggregatorMissingNameFields" time="0.001" classname="in.zapr.druid.druidry.postAggregator.ArithmeticPostAggregatorTest"/>
  <testcase name="testArithmeticPostAggregatorMissingFields" time="0.004" classname="in.zapr.druid.druidry.postAggregator.ArithmeticPostAggregatorTest"/>
  <testcase name="testArithmeticPostAggregatorAllFields" time="0.015" classname="in.zapr.druid.druidry.postAggregator.ArithmeticPostAggregatorTest"/>
  <testcase name="testEqualsPositive" time="0.001" classname="in.zapr.druid.druidry.postAggregator.ArithmeticPostAggregatorTest"/>
  <testcase name="testArithmeticPostAggregatorMissingFunctionFields" time="0.002" classname="in.zapr.druid.druidry.postAggregator.ArithmeticPostAggregatorTest"/>
  <testcase name="testArithmeticPostAggregatorRequiredFields" time="0.001" classname="in.zapr.druid.druidry.postAggregator.ArithmeticPostAggregatorTest"/>
  <testcase name="testEqualsWithAnotherSubClass" time="0.001" classname="in.zapr.druid.druidry.postAggregator.ArithmeticPostAggregatorTest"/>
  <testcase name="testEqualsNegative" time="0.001" classname="in.zapr.druid.druidry.postAggregator.ArithmeticPostAggregatorTest"/>
</testsuite> <!-- in.zapr.druid.druidry.postAggregator.ArithmeticPostAggregatorTest -->
