<?xml version="1.0" encoding="UTF-8"?>
<!-- Generated by org.testng.reporters.JUnitReportReporter -->
<testsuite skipped="0" hostname="DESKTOP-FGG3A1F" name="in.zapr.druid.druidry.extractionFunctions.CascadeExtractionFunctionTest" tests="2" failures="0" timestamp="15 Feb 2023 11:11:14 GMT" time="0.009" errors="0">
  <testcase name="testExtractionFunctionsFields" time="0.001" classname="in.zapr.druid.druidry.extractionFunctions.CascadeExtractionFunctionTest"/>
  <testcase name="testAllFields" time="0.008" classname="in.zapr.druid.druidry.extractionFunctions.CascadeExtractionFunctionTest"/>
</testsuite> <!-- in.zapr.druid.druidry.extractionFunctions.CascadeExtractionFunctionTest -->
