<?xml version="1.0" encoding="UTF-8"?>
<!-- Generated by org.testng.reporters.JUnitReportReporter -->
<testsuite skipped="0" hostname="DESKTOP-FGG3A1F" name="in.zapr.druid.druidry.extractionFunctions.SearchQueryExtractionFunctionTest" tests="2" failures="0" timestamp="15 Feb 2023 11:11:14 GMT" time="0.033" errors="0">
  <testcase name="testAllFields" time="0.006" classname="in.zapr.druid.druidry.extractionFunctions.SearchQueryExtractionFunctionTest"/>
  <testcase name="testSearchQueryField" time="0.027" classname="in.zapr.druid.druidry.extractionFunctions.SearchQueryExtractionFunctionTest"/>
</testsuite> <!-- in.zapr.druid.druidry.extractionFunctions.SearchQueryExtractionFunctionTest -->
