<?xml version="1.0" encoding="UTF-8"?>
<!-- Generated by org.testng.reporters.JUnitReportReporter -->
<testsuite skipped="0" hostname="DESKTOP-FGG3A1F" name="in.zapr.druid.druidry.filter.havingSpec.DimSelectionHavingTest" tests="6" failures="0" timestamp="15 Feb 2023 11:11:14 GMT" time="0.005" errors="0">
  <testcase name="testOptionalWithNumericField" time="0.001" classname="in.zapr.druid.druidry.filter.havingSpec.DimSelectionHavingTest"/>
  <testcase name="testOptionalWithStringField" time="0.000" classname="in.zapr.druid.druidry.filter.havingSpec.DimSelectionHavingTest"/>
  <testcase name="testAllFieldsString" time="0.000" classname="in.zapr.druid.druidry.filter.havingSpec.DimSelectionHavingTest"/>
  <testcase name="testSettingRequiredFieldAsNull" time="0.001" classname="in.zapr.druid.druidry.filter.havingSpec.DimSelectionHavingTest"/>
  <testcase name="testOptionalWithNullField" time="0.000" classname="in.zapr.druid.druidry.filter.havingSpec.DimSelectionHavingTest"/>
  <testcase name="testAllFieldsNumeric" time="0.003" classname="in.zapr.druid.druidry.filter.havingSpec.DimSelectionHavingTest"/>
</testsuite> <!-- in.zapr.druid.druidry.filter.havingSpec.DimSelectionHavingTest -->
